#
# A fatal error has been detected by the Java Runtime Environment:
#
#  EXCEPTION_ACCESS_VIOLATION (0xc0000005) at pc=0x70834c60, pid=3572, tid=0x00001700
#
# JRE version: Java(TM) SE Runtime Environment (8.0_111-b14) (build 1.8.0_111-b14)
# Java VM: Java HotSpot(TM) Client VM (25.111-b14 mixed mode windows-x86 )
# Problematic frame:
# C  0x70834c60
#
# Failed to write core dump. Minidumps are not enabled by default on client versions of Windows
#
# If you would like to submit a bug report, please visit:
#   http://bugreport.java.com/bugreport/crash.jsp
# The crash happened outside the Java Virtual Machine in native code.
# See problematic frame for where to report the bug.
#

---------------  T H R E A D  ---------------

Current thread (0x14aa4800):  JavaThread "Finalizer" daemon [_thread_in_native, id=5888, stack(0x14f60000,0x14fb0000)]

siginfo: ExceptionCode=0xc0000005, ExceptionInformation=0x00000008 0x70834c60

Registers:
EAX=0x70834c60, EBX=0x1a929c98, ECX=0x14aa4940, EDX=0x1a92c018
ESP=0x14faf1fc, EBP=0x14faf234, ESI=0x1a929c98, EDI=0x14aa4800
EIP=0x70834c60, EFLAGS=0x00010202

Top of Stack: (sp=0x14faf1fc)
0x14faf1fc:   025b39b1 14aa4940 14faf23c 75b60000
0x14faf20c:   00000000 0000000c 14faf214 00000000
0x14faf21c:   14faf248 1a92c018 00000000 1a929c98
0x14faf22c:   00000000 14faf244 14faf274 025a48d4
0x14faf23c:   0bf7d568 025adc89 75b60000 00000000
0x14faf24c:   00000005 0bfb1398 14faf24c 1a958d55
0x14faf25c:   14faf290 1a959f18 00000000 1a958dc8
0x14faf26c:   14faf244 14faf290 14faf2bc 025a48d4 

Instructions: (pc=0x70834c60)
0x70834c40:   
[error occurred during error reporting (printing registers, top of stack, instructions near pc), id 0xc0000005]

Register to memory mapping:

EAX=0x70834c60 is an unknown value
EBX={method} {0x1a929c9c} 'close' '(J)V' in 'com/sun/jna/Native'
ECX=0x14aa4940 is an unknown value
EDX=0x1a92c018 is pointing into metadata
ESP=0x14faf1fc is pointing into the stack for thread: 0x14aa4800
EBP=0x14faf234 is pointing into the stack for thread: 0x14aa4800
ESI={method} {0x1a929c9c} 'close' '(J)V' in 'com/sun/jna/Native'
EDI=0x14aa4800 is a thread


Stack: [0x14f60000,0x14fb0000],  sp=0x14faf1fc,  free space=316k
Native frames: (J=compiled Java code, j=interpreted, Vv=VM code, C=native code)
C  0x70834c60
j  com.sun.jna.NativeLibrary.dispose()V+85
j  com.sun.jna.NativeLibrary.disposeAll()V+71
j  com.sun.jna.Native.dispose()V+6
j  com.sun.jna.Native.access$000()V+0
j  com.sun.jna.Native$2.finalize()V+0
j  java.lang.System$2.invokeFinalize(Ljava/lang/Object;)V+1
j  java.lang.ref.Finalizer.runFinalizer(Lsun/misc/JavaLangAccess;)V+46
j  java.lang.ref.Finalizer.access$100(Ljava/lang/ref/Finalizer;Lsun/misc/JavaLangAccess;)V+2
j  java.lang.ref.Finalizer$FinalizerThread.run()V+45
v  ~StubRoutines::call_stub
V  [jvm.dll+0x15a895]
V  [jvm.dll+0x220bfe]
V  [jvm.dll+0x15a92e]
V  [jvm.dll+0x15aab6]
V  [jvm.dll+0x15ab27]
V  [jvm.dll+0xfef8f]
V  [jvm.dll+0x17d6f0]
V  [jvm.dll+0x17df6a]
V  [jvm.dll+0x1c29c6]
C  [msvcr100.dll+0x5c556]
C  [msvcr100.dll+0x5c600]
C  [kernel32.dll+0x1337a]
C  [ntdll.dll+0x392e2]
C  [ntdll.dll+0x392b5]
C  0x00000000

Java frames: (J=compiled Java code, j=interpreted, Vv=VM code)
j  com.sun.jna.Native.close(J)V+0
j  com.sun.jna.NativeLibrary.dispose()V+85
j  com.sun.jna.NativeLibrary.disposeAll()V+71
j  com.sun.jna.Native.dispose()V+6
j  com.sun.jna.Native.access$000()V+0
j  com.sun.jna.Native$2.finalize()V+0
j  java.lang.System$2.invokeFinalize(Ljava/lang/Object;)V+1
j  java.lang.ref.Finalizer.runFinalizer(Lsun/misc/JavaLangAccess;)V+46
j  java.lang.ref.Finalizer.access$100(Ljava/lang/ref/Finalizer;Lsun/misc/JavaLangAccess;)V+2
j  java.lang.ref.Finalizer$FinalizerThread.run()V+45
v  ~StubRoutines::call_stub

---------------  P R O C E S S  ---------------

Java Threads: ( => current thread )
  0x16179400 JavaThread "RMI TCP Connection(2)-127.0.0.1" daemon [_thread_in_native, id=5296, stack(0x1ab60000,0x1abb0000)]
  0x18971c00 JavaThread "TimerQueue" daemon [_thread_blocked, id=1088, stack(0x1a6e0000,0x1a730000)]
  0x18972400 JavaThread "main" [_thread_blocked, id=1328, stack(0x19570000,0x195c0000)]
  0x16179800 JavaThread "SimulationThread" [_thread_in_native, id=4132, stack(0x194a0000,0x194f0000)]
  0x16178c00 JavaThread "Thread-7" daemon [_thread_in_native, id=6588, stack(0x186f0000,0x18740000)]
  0x16178400 JavaThread "JavaFX Application Thread" [_thread_in_native, id=2696, stack(0x17340000,0x17390000)]
  0x16178000 JavaThread "Thread-6" daemon [_thread_blocked, id=7008, stack(0x172f0000,0x17340000)]
  0x16177800 JavaThread "QuantumRenderer-0" daemon [_thread_blocked, id=3364, stack(0x16840000,0x16890000)]
  0x16177400 JavaThread "AWT-EventQueue-0" [_thread_in_Java, id=6972, stack(0x16cf0000,0x16d40000)]
  0x16176c00 JavaThread "RMI TCP Connection(1)-127.0.0.1" daemon [_thread_in_native, id=2012, stack(0x16c40000,0x16c90000)]
  0x16176800 JavaThread "RMI Reaper" [_thread_blocked, id=6936, stack(0x16bc0000,0x16c10000)]
  0x16176000 JavaThread "RMI TCP Accept-0" daemon [_thread_in_native, id=6544, stack(0x16a70000,0x16ac0000)]
  0x16159000 JavaThread "GC Daemon" daemon [_thread_blocked, id=4780, stack(0x167d0000,0x16820000)]
  0x16158c00 JavaThread "RMI RenewClean-[127.0.0.1:52049]" daemon [_thread_blocked, id=3248, stack(0x15ad0000,0x15b20000)]
  0x16158400 JavaThread "RMI Scheduler(0)" daemon [_thread_blocked, id=5348, stack(0x16660000,0x166b0000)]
  0x0088d800 JavaThread "DestroyJavaVM" [_thread_blocked, id=668, stack(0x00450000,0x004a0000)]
  0x14c5d000 JavaThread "BlueJ worker thread" [_thread_blocked, id=5840, stack(0x15dd0000,0x15e20000)]
  0x14c54800 JavaThread "AWT-Windows" daemon [_thread_in_native, id=5000, stack(0x15b30000,0x15b80000)]
  0x14c52c00 JavaThread "AWT-Shutdown" [_thread_blocked, id=4488, stack(0x15a30000,0x15a80000)]
  0x14c50800 JavaThread "Java2D Disposer" daemon [_thread_blocked, id=6508, stack(0x15940000,0x15990000)]
  0x14af4c00 JavaThread "Service Thread" daemon [_thread_blocked, id=5712, stack(0x15560000,0x155b0000)]
  0x14adb800 JavaThread "C1 CompilerThread0" daemon [_thread_blocked, id=4716, stack(0x15370000,0x153c0000)]
  0x14ad2c00 JavaThread "JDWP Command Reader" daemon [_thread_in_native, id=5544, stack(0x150f0000,0x15140000)]
  0x14ace400 JavaThread "JDWP Event Helper Thread" daemon [_thread_blocked, id=3960, stack(0x151b0000,0x15200000)]
  0x14ac4800 JavaThread "JDWP Transport Listener: dt_shmem" daemon [_thread_blocked, id=6196, stack(0x152a0000,0x152f0000)]
  0x14aca000 JavaThread "Attach Listener" daemon [_thread_blocked, id=7052, stack(0x15090000,0x150e0000)]
  0x14ac7000 JavaThread "Signal Dispatcher" daemon [_thread_blocked, id=3596, stack(0x14fd0000,0x15020000)]
=>0x14aa4800 JavaThread "Finalizer" daemon [_thread_in_native, id=5888, stack(0x14f60000,0x14fb0000)]
  0x14a82400 JavaThread "Reference Handler" daemon [_thread_blocked, id=5980, stack(0x14ed0000,0x14f20000)]

Other Threads:
  0x14a7a800 VMThread [stack: 0x14e60000,0x14eb0000] [id=3932]
  0x14b12800 WatcherThread [stack: 0x15610000,0x15660000] [id=3600]

VM state:not at safepoint (normal execution)

VM Mutex/Monitor currently owned by a thread: None

Heap:
 def new generation   total 28480K, used 18662K [0x04600000, 0x064e0000, 0x09b50000)
  eden space 25344K,  73% used [0x04600000, 0x05839858, 0x05ec0000)
  from space 3136K,   0% used [0x05ec0000, 0x05ec0000, 0x061d0000)
  to   space 3136K,   0% used [0x061d0000, 0x061d0000, 0x064e0000)
 tenured generation   total 63112K, used 37866K [0x09b50000, 0x0d8f2000, 0x14600000)
   the space 63112K,  59% used [0x09b50000, 0x0c04a9e0, 0x0c04aa00, 0x0d8f2000)
 Metaspace       used 13038K, capacity 13498K, committed 13568K, reserved 13696K

Card table byte_map: [0x00890000,0x00920000] byte_map_base: 0x0086d000

Polling page: 0x001d0000

CodeCache: size=32768Kb used=1810Kb max_used=1810Kb free=30957Kb
 bounds [0x025a0000, 0x02768000, 0x045a0000]
 total_blobs=1090 nmethods=784 adapters=245
 compilation: enabled

Compilation events (10 events):
Event: 13.994 Thread 0x14adb800  776             java.lang.ref.Finalizer::hasBeenFinalized (14 bytes)
Event: 13.994 Thread 0x14adb800 nmethod 776 0x02670e08 code [0x02670f00, 0x02670f90]
Event: 13.994 Thread 0x14adb800  777   !         java.lang.ref.Finalizer::remove (94 bytes)
Event: 13.994 Thread 0x14adb800 nmethod 777 0x0275f308 code [0x0275f420, 0x0275f6d0]
Event: 14.002 Thread 0x14adb800  778             sun.misc.PerfCounter::addElapsedTimeFrom (10 bytes)
Event: 14.002 Thread 0x14adb800 nmethod 778 0x0275f808 code [0x0275f930, 0x0275fd28]
Event: 14.003 Thread 0x14adb800  779  s          sun.misc.URLClassPath::getLookupCache (98 bytes)
Event: 14.003 Thread 0x14adb800 nmethod 779 0x0275ff48 code [0x02760070, 0x02760378]
Event: 14.004 Thread 0x14adb800  780             java.awt.Component::isMaximumSizeSet (5 bytes)
Event: 14.004 Thread 0x14adb800 nmethod 780 0x026ec248 code [0x026ec340, 0x026ec3c0]

GC Heap History (10 events):
Event: 3.875 GC heap before
{Heap before GC invocations=24 (full 8):
 def new generation   total 14848K, used 13737K [0x04600000, 0x05610000, 0x09b50000)
  eden space 13248K, 100% used [0x04600000, 0x052f0000, 0x052f0000)
  from space 1600K,  30% used [0x052f0000, 0x0536a770, 0x05480000)
  to   space 1600K,   0% used [0x05480000, 0x05480000, 0x05610000)
 tenured generation   total 32816K, used 28698K [0x09b50000, 0x0bb5c000, 0x14600000)
   the space 32816K,  87% used [0x09b50000, 0x0b756890, 0x0b756a00, 0x0bb5c000)
 Metaspace       used 12346K, capacity 12788K, committed 12800K, reserved 13696K
Event: 3.892 GC heap after
Heap after GC invocations=25 (full 9):
 def new generation   total 22144K, used 0K [0x04600000, 0x05e00000, 0x09b50000)
  eden space 19712K,   0% used [0x04600000, 0x04600000, 0x05940000)
  from space 2432K,   0% used [0x05940000, 0x05940000, 0x05ba0000)
  to   space 2432K,   0% used [0x05ba0000, 0x05ba0000, 0x05e00000)
 tenured generation   total 49004K, used 29402K [0x09b50000, 0x0cb2b000, 0x14600000)
   the space 49004K,  59% used [0x09b50000, 0x0b8068f0, 0x0b806a00, 0x0cb2b000)
 Metaspace       used 12346K, capacity 12788K, committed 12800K, reserved 13696K
}
Event: 3.925 GC heap before
{Heap before GC invocations=25 (full 9):
 def new generation   total 22144K, used 19186K [0x04600000, 0x05e00000, 0x09b50000)
  eden space 19712K,  97% used [0x04600000, 0x058bc970, 0x05940000)
  from space 2432K,   0% used [0x05940000, 0x05940000, 0x05ba0000)
  to   space 2432K,   0% used [0x05ba0000, 0x05ba0000, 0x05e00000)
 tenured generation   total 49004K, used 29402K [0x09b50000, 0x0cb2b000, 0x14600000)
   the space 49004K,  59% used [0x09b50000, 0x0b8068f0, 0x0b806a00, 0x0cb2b000)
 Metaspace       used 12346K, capacity 12788K, committed 12800K, reserved 13696K
Event: 3.928 GC heap after
Heap after GC invocations=26 (full 9):
 def new generation   total 22144K, used 42K [0x04600000, 0x05e00000, 0x09b50000)
  eden space 19712K,   0% used [0x04600000, 0x04600000, 0x05940000)
  from space 2432K,   1% used [0x05ba0000, 0x05baa970, 0x05e00000)
  to   space 2432K,   0% used [0x05940000, 0x05940000, 0x05ba0000)
 tenured generation   total 49004K, used 37092K [0x09b50000, 0x0cb2b000, 0x14600000)
   the space 49004K,  75% used [0x09b50000, 0x0bf89110, 0x0bf89200, 0x0cb2b000)
 Metaspace       used 12346K, capacity 12788K, committed 12800K, reserved 13696K
}
Event: 3.956 GC heap before
{Heap before GC invocations=26 (full 9):
 def new generation   total 22144K, used 19660K [0x04600000, 0x05e00000, 0x09b50000)
  eden space 19712K,  99% used [0x04600000, 0x059289a8, 0x05940000)
  from space 2432K,   1% used [0x05ba0000, 0x05baa970, 0x05e00000)
  to   space 2432K,   0% used [0x05940000, 0x05940000, 0x05ba0000)
 tenured generation   total 49004K, used 37092K [0x09b50000, 0x0cb2b000, 0x14600000)
   the space 49004K,  75% used [0x09b50000, 0x0bf89110, 0x0bf89200, 0x0cb2b000)
 Metaspace       used 12346K, capacity 12788K, committed 12800K, reserved 13696K
Event: 3.958 GC heap after
Heap after GC invocations=27 (full 9):
 def new generation   total 22144K, used 5K [0x04600000, 0x05e00000, 0x09b50000)
  eden space 19712K,   0% used [0x04600000, 0x04600000, 0x05940000)
  from space 2432K,   0% used [0x05940000, 0x05941650, 0x05ba0000)
  to   space 2432K,   0% used [0x05ba0000, 0x05ba0000, 0x05e00000)
 tenured generation   total 49004K, used 40937K [0x09b50000, 0x0cb2b000, 0x14600000)
   the space 49004K,  83% used [0x09b50000, 0x0c34a520, 0x0c34a600, 0x0cb2b000)
 Metaspace       used 12346K, capacity 12788K, committed 12800K, reserved 13696K
}
Event: 3.999 GC heap before
{Heap before GC invocations=27 (full 9):
 def new generation   total 22144K, used 16979K [0x04600000, 0x05e00000, 0x09b50000)
  eden space 19712K,  86% used [0x04600000, 0x05693600, 0x05940000)
  from space 2432K,   0% used [0x05940000, 0x05941650, 0x05ba0000)
  to   space 2432K,   0% used [0x05ba0000, 0x05ba0000, 0x05e00000)
 tenured generation   total 49004K, used 40937K [0x09b50000, 0x0cb2b000, 0x14600000)
   the space 49004K,  83% used [0x09b50000, 0x0c34a520, 0x0c34a600, 0x0cb2b000)
 Metaspace       used 12346K, capacity 12788K, committed 12800K, reserved 13696K
Event: 4.003 GC heap after
Heap after GC invocations=28 (full 9):
 def new generation   total 22144K, used 240K [0x04600000, 0x05e00000, 0x09b50000)
  eden space 19712K,   0% used [0x04600000, 0x04600000, 0x05940000)
  from space 2432K,   9% used [0x05ba0000, 0x05bdc390, 0x05e00000)
  to   space 2432K,   0% used [0x05940000, 0x05940000, 0x05ba0000)
 tenured generation   total 49004K, used 48627K [0x09b50000, 0x0cb2b000, 0x14600000)
   the space 49004K,  99% used [0x09b50000, 0x0caccd40, 0x0cacce00, 0x0cb2b000)
 Metaspace       used 12346K, capacity 12788K, committed 12800K, reserved 13696K
}
Event: 13.971 GC heap before
{Heap before GC invocations=28 (full 9):
 def new generation   total 22144K, used 19510K [0x04600000, 0x05e00000, 0x09b50000)
  eden space 19712K,  97% used [0x04600000, 0x058d16f8, 0x05940000)
  from space 2432K,   9% used [0x05ba0000, 0x05bdc390, 0x05e00000)
  to   space 2432K,   0% used [0x05940000, 0x05940000, 0x05ba0000)
 tenured generation   total 49004K, used 48627K [0x09b50000, 0x0cb2b000, 0x14600000)
   the space 49004K,  99% used [0x09b50000, 0x0caccd40, 0x0cacce00, 0x0cb2b000)
 Metaspace       used 12985K, capacity 13432K, committed 13440K, reserved 13696K
Event: 13.992 GC heap after
Heap after GC invocations=29 (full 10):
 def new generation   total 28480K, used 0K [0x04600000, 0x064e0000, 0x09b50000)
  eden space 25344K,   0% used [0x04600000, 0x04600000, 0x05ec0000)
  from space 3136K,   0% used [0x05ec0000, 0x05ec0000, 0x061d0000)
  to   space 3136K,   0% used [0x061d0000, 0x061d0000, 0x064e0000)
 tenured generation   total 63112K, used 37866K [0x09b50000, 0x0d8f2000, 0x14600000)
   the space 63112K,  59% used [0x09b50000, 0x0c04a9e0, 0x0c04aa00, 0x0d8f2000)
 Metaspace       used 12985K, capacity 13432K, committed 13440K, reserved 13696K
}

Deoptimization events (0 events):
No events

Internal exceptions (10 events):
Event: 1.097 Thread 0x16177400 Exception <a 'java/lang/NullPointerException'> (0x046556b0) thrown at [C:\re\workspace\8-2-build-windows-i586-cygwin\jdk8u111\7883\hotspot\src\share\vm\interpreter\linkResolver.cpp, line 1178]
Event: 3.810 Thread 0x16176c00 Exception <a 'java/security/PrivilegedActionException'> (0x04ceeda0) thrown at [C:\re\workspace\8-2-build-windows-i586-cygwin\jdk8u111\7883\hotspot\src\share\vm\prims\jvm.cpp, line 1386]
Event: 3.810 Thread 0x16176c00 Exception <a 'java/security/PrivilegedActionException'> (0x04cef180) thrown at [C:\re\workspace\8-2-build-windows-i586-cygwin\jdk8u111\7883\hotspot\src\share\vm\prims\jvm.cpp, line 1386]
Event: 3.810 Thread 0x16176c00 Exception <a 'java/security/PrivilegedActionException'> (0x04cf0588) thrown at [C:\re\workspace\8-2-build-windows-i586-cygwin\jdk8u111\7883\hotspot\src\share\vm\prims\jvm.cpp, line 1386]
Event: 3.810 Thread 0x16176c00 Exception <a 'java/security/PrivilegedActionException'> (0x04cf0968) thrown at [C:\re\workspace\8-2-build-windows-i586-cygwin\jdk8u111\7883\hotspot\src\share\vm\prims\jvm.cpp, line 1386]
Event: 9.162 Thread 0x16177400 Exception <a 'java/lang/UnsatisfiedLinkError': The specified procedure could not be found.
> (0x056e6c20) thrown at [C:\re\workspace\8-2-build-windows-i586-cygwin\jdk8u111\7883\hotspot\src\share\vm\prims\jni.cpp, line 735]
Event: 13.884 Thread 0x18973000 Exception <a 'java/security/PrivilegedActionException'> (0x0587ce60) thrown at [C:\re\workspace\8-2-build-windows-i586-cygwin\jdk8u111\7883\hotspot\src\share\vm\prims\jvm.cpp, line 1386]
Event: 13.884 Thread 0x18973000 Exception <a 'java/security/PrivilegedActionException'> (0x0587d060) thrown at [C:\re\workspace\8-2-build-windows-i586-cygwin\jdk8u111\7883\hotspot\src\share\vm\prims\jvm.cpp, line 1386]
Event: 13.884 Thread 0x18973000 Exception <a 'java/security/PrivilegedActionException'> (0x0587e0a8) thrown at [C:\re\workspace\8-2-build-windows-i586-cygwin\jdk8u111\7883\hotspot\src\share\vm\prims\jvm.cpp, line 1386]
Event: 13.884 Thread 0x18973000 Exception <a 'java/security/PrivilegedActionException'> (0x0587e2a8) thrown at [C:\re\workspace\8-2-build-windows-i586-cygwin\jdk8u111\7883\hotspot\src\share\vm\prims\jvm.cpp, line 1386]

Events (10 events):
Event: 14.005 Executing VM operation: RevokeBias done
Event: 14.005 Thread 0x16176c00 DEOPT PACKING pc=0x026cd394 sp=0x16c8e1f0
Event: 14.005 Thread 0x16176c00 DEOPT UNPACKING pc=0x025dc5db sp=0x16c8e11c mode 1
Event: 14.005 loading class StartButton
Event: 14.005 loading class StartButton done
Event: 14.005 Thread 0x16176c00 DEOPT PACKING pc=0x026cd428 sp=0x16c8dfd0
Event: 14.005 Thread 0x16176c00 DEOPT UNPACKING pc=0x025dc5db sp=0x16c8def0 mode 1
Event: 14.005 Thread 0x16176c00 DEOPT PACKING pc=0x026cd394 sp=0x16c8e0b0
Event: 14.005 Thread 0x16176c00 DEOPT UNPACKING pc=0x025dc5db sp=0x16c8dfdc mode 1
Event: 14.005 Executing VM operation: RevokeBias


Dynamic libraries:
0x01160000 - 0x01193000 	C:\Users\lieberb1400\Desktop\GreenFootv2\jdk\jre\bin\java.exe
0x77930000 - 0x77ab0000 	C:\Windows\SysWOW64\ntdll.dll
0x75b60000 - 0x75c70000 	C:\Windows\syswow64\kernel32.dll
0x75c70000 - 0x75cb7000 	C:\Windows\syswow64\KERNELBASE.dll
0x75310000 - 0x753b1000 	C:\Windows\syswow64\ADVAPI32.dll
0x77110000 - 0x771bc000 	C:\Windows\syswow64\msvcrt.dll
0x76c00000 - 0x76c19000 	C:\Windows\SysWOW64\sechost.dll
0x75940000 - 0x75a30000 	C:\Windows\syswow64\RPCRT4.dll
0x752a0000 - 0x75300000 	C:\Windows\syswow64\SspiCli.dll
0x75290000 - 0x7529c000 	C:\Windows\syswow64\CRYPTBASE.dll
0x75eb0000 - 0x75fb0000 	C:\Windows\syswow64\USER32.dll
0x771c0000 - 0x77250000 	C:\Windows\syswow64\GDI32.dll
0x77250000 - 0x7725a000 	C:\Windows\syswow64\LPK.dll
0x77490000 - 0x7752d000 	C:\Windows\syswow64\USP10.dll
0x724e0000 - 0x7267e000 	C:\Windows\WinSxS\x86_microsoft.windows.common-controls_6595b64144ccf1df_6.0.7601.18837_none_41e855142bd5705d\COMCTL32.dll
0x76d70000 - 0x76dc7000 	C:\Windows\syswow64\SHLWAPI.dll
0x75a60000 - 0x75ac0000 	C:\Windows\system32\IMM32.DLL
0x755d0000 - 0x7569c000 	C:\Windows\syswow64\MSCTF.dll
0x72bc0000 - 0x72c7f000 	C:\Users\lieberb1400\Desktop\GreenFootv2\jdk\jre\bin\msvcr100.dll
0x6d1c0000 - 0x6d58d000 	C:\Users\lieberb1400\Desktop\GreenFootv2\jdk\jre\bin\client\jvm.dll
0x74900000 - 0x74907000 	C:\Windows\system32\WSOCK32.dll
0x75d30000 - 0x75d65000 	C:\Windows\syswow64\WS2_32.dll
0x75d70000 - 0x75d76000 	C:\Windows\syswow64\NSI.dll
0x74440000 - 0x74472000 	C:\Windows\system32\WINMM.dll
0x74a80000 - 0x74a89000 	C:\Windows\system32\VERSION.dll
0x75cf0000 - 0x75cf5000 	C:\Windows\syswow64\PSAPI.DLL
0x72bb0000 - 0x72bbc000 	C:\Users\lieberb1400\Desktop\GreenFootv2\jdk\jre\bin\verify.dll
0x72900000 - 0x72921000 	C:\Users\lieberb1400\Desktop\GreenFootv2\jdk\jre\bin\java.dll
0x70f20000 - 0x70f49000 	C:\Users\lieberb1400\Desktop\GreenFootv2\jdk\jre\bin\jdwp.dll
0x72840000 - 0x72847000 	C:\Users\lieberb1400\Desktop\GreenFootv2\jdk\jre\bin\npt.dll
0x728e0000 - 0x728f3000 	C:\Users\lieberb1400\Desktop\GreenFootv2\jdk\jre\bin\zip.dll
0x75fb0000 - 0x76bfb000 	C:\Windows\syswow64\SHELL32.dll
0x753e0000 - 0x7553c000 	C:\Windows\syswow64\ole32.dll
0x75e00000 - 0x75e0b000 	C:\Windows\syswow64\profapi.dll
0x72870000 - 0x72879000 	C:\Users\lieberb1400\Desktop\GreenFootv2\jdk\jre\bin\dt_shmem.dll
0x70a10000 - 0x70b56000 	C:\Users\lieberb1400\Desktop\GreenFootv2\jdk\jre\bin\awt.dll
0x75ad0000 - 0x75b5f000 	C:\Windows\syswow64\OLEAUT32.dll
0x74650000 - 0x746d0000 	C:\Windows\system32\uxtheme.dll
0x6f100000 - 0x6f113000 	C:\Windows\system32\dwmapi.dll
0x749b0000 - 0x749c7000 	C:\Windows\system32\CRYPTSP.dll
0x74970000 - 0x749ab000 	C:\Windows\system32\rsaenh.dll
0x77470000 - 0x77487000 	C:\Windows\syswow64\USERENV.dll
0x72810000 - 0x72826000 	C:\Users\lieberb1400\Desktop\GreenFootv2\jdk\jre\bin\net.dll
0x743e0000 - 0x7441c000 	C:\Windows\system32\mswsock.dll
0x6f850000 - 0x6f856000 	C:\Windows\System32\wship6.dll
0x74b50000 - 0x74b6c000 	C:\Windows\system32\IPHLPAPI.DLL
0x74b40000 - 0x74b47000 	C:\Windows\system32\WINNSI.DLL
0x6f3c0000 - 0x6f3cd000 	C:\Windows\system32\dhcpcsvc6.DLL
0x737e0000 - 0x737f2000 	C:\Windows\system32\dhcpcsvc.DLL
0x72950000 - 0x7295f000 	C:\Users\lieberb1400\Desktop\GreenFootv2\jdk\jre\bin\nio.dll
0x71020000 - 0x7110e000 	C:\Users\lieberb1400\Desktop\GreenFootv2\jdk\jre\bin\msvcr120.dll
0x70fa0000 - 0x71011000 	C:\Users\lieberb1400\Desktop\GreenFootv2\jdk\jre\bin\msvcp120.dll
0x728c0000 - 0x728de000 	C:\Users\lieberb1400\Desktop\GreenFootv2\jdk\jre\bin\prism_d3d.dll
0x6fca0000 - 0x6fe63000 	C:\Windows\system32\d3d9.dll
0x72ba0000 - 0x72ba6000 	C:\Windows\system32\d3d8thk.dll
0x697f0000 - 0x6aeca000 	C:\Windows\system32\igdumdim32.dll
0x72880000 - 0x728b3000 	C:\Users\lieberb1400\Desktop\GreenFootv2\jdk\jre\bin\glass.dll
0x75d80000 - 0x75dfb000 	C:\Windows\syswow64\COMDLG32.dll
0x6c930000 - 0x6d1bf000 	C:\Windows\system32\igdusc32.dll
0x6f840000 - 0x6f850000 	C:\Windows\system32\LSKHOOK.DLL
0x724a0000 - 0x724d9000 	C:\Users\lieberb1400\Desktop\GreenFootv2\jdk\jre\bin\fontmanager.dll
0x72420000 - 0x7242a000 	C:\Users\lieberb1400\Desktop\GreenFootv2\jdk\jre\bin\jsound.dll
0x72110000 - 0x72119000 	C:\Users\lieberb1400\Desktop\GreenFootv2\jdk\jre\bin\jsoundds.dll
0x70720000 - 0x70792000 	C:\Windows\system32\DSOUND.dll
0x73940000 - 0x73965000 	C:\Windows\system32\POWRPROF.dll
0x76f20000 - 0x770bd000 	C:\Windows\syswow64\SETUPAPI.dll
0x75cc0000 - 0x75ce7000 	C:\Windows\syswow64\CFGMGR32.dll
0x753c0000 - 0x753d2000 	C:\Windows\syswow64\DEVOBJ.dll
0x723c0000 - 0x723f9000 	C:\Windows\system32\MMDevAPI.DLL
0x722c0000 - 0x723b5000 	C:\Windows\system32\PROPSYS.dll
0x70ef0000 - 0x70f20000 	C:\Windows\system32\wdmaud.drv
0x70ee0000 - 0x70ee4000 	C:\Windows\system32\ksuser.dll
0x70ca0000 - 0x70ca7000 	C:\Windows\system32\AVRT.dll
0x72280000 - 0x722b6000 	C:\Windows\system32\AUDIOSES.DLL
0x70c90000 - 0x70c98000 	C:\Windows\system32\msacm32.drv
0x708b0000 - 0x708c4000 	C:\Windows\system32\MSACM32.dll
0x709c0000 - 0x709c7000 	C:\Windows\system32\midimap.dll
0x75540000 - 0x755c3000 	C:\Windows\syswow64\CLBCatQ.DLL
0x70f60000 - 0x70f92000 	C:\Users\lieberb1400\Desktop\GreenFootv2\jdk\jre\bin\t2k.dll
0x72120000 - 0x72251000 	C:\Windows\system32\WindowsCodecs.dll
0x74910000 - 0x7495c000 	C:\Windows\system32\apphelp.dll
0x709d0000 - 0x70a01000 	C:\Windows\system32\EhStorShell.dll
0x707a0000 - 0x70810000 	C:\Windows\system32\ntshrui.dll
0x74dd0000 - 0x74de9000 	C:\Windows\system32\srvcli.dll
0x737d0000 - 0x737db000 	C:\Windows\system32\cscapi.dll
0x70d90000 - 0x70d9a000 	C:\Windows\system32\slc.dll
0x72760000 - 0x7276a000 	C:\Users\lieberb1400\Desktop\GreenFootv2\jdk\jre\bin\management.dll
0x74360000 - 0x74370000 	C:\Windows\system32\NLAapi.dll
0x74350000 - 0x74360000 	C:\Windows\system32\napinsp.dll
0x74330000 - 0x74342000 	C:\Windows\system32\pnrpnsp.dll
0x742e0000 - 0x74324000 	C:\Windows\system32\DNSAPI.dll
0x742d0000 - 0x742d8000 	C:\Windows\System32\winrnr.dll
0x743d0000 - 0x743d5000 	C:\Windows\System32\wshtcpip.dll
0x74280000 - 0x74286000 	C:\Windows\system32\rasadhlp.dll
0x74290000 - 0x742c8000 	C:\Windows\System32\fwpuclnt.dll
0x70880000 - 0x708b0000 	C:\Users\lieberb1400\Desktop\GreenFootv2\jdk\jre\bin\lcms.dll
0x6c570000 - 0x6c65b000 	C:\Windows\system32\dbghelp.dll

VM Arguments:
jvm_args: -Dawt.useSystemAAFontSettings=on -XX:MaxGCPauseMillis=50 -agentlib:jdwp=transport=dt_shmem,address=javadebug -Dfile.encoding=UTF-8 
java_command: bluej.runtime.ExecServer UTF-8
java_class_path (initial): C:\Users\lieberb1400\Desktop\GreenFootv2\lib\extensions\greenfoot.jar;C:\Users\lieberb1400\Desktop\GreenFootv2\lib\bluejcore.jar;C:\Users\lieberb1400\Desktop\GreenFootv2\lib\bluejeditor.jar;C:\Users\lieberb1400\Desktop\GreenFootv2\lib\bluejext.jar;C:\Users\lieberb1400\Desktop\GreenFootv2\lib\AppleJavaExtensions.jar;C:\Users\lieberb1400\Desktop\GreenFootv2\lib\junit-4.11.jar;C:\Users\lieberb1400\Desktop\GreenFootv2\lib\hamcrest-core-1.3.jar;C:\Users\lieberb1400\Desktop\GreenFootv2\lib\bluej.jar;C:\Users\lieberb1400\Desktop\GreenFootv2\lib\diffutils-1.2.1.jar;C:\Users\lieberb1400\Desktop\GreenFootv2\lib\commons-httpclient-3.1.jar;C:\Users\lieberb1400\Desktop\GreenFootv2\lib\commons-logging-api-1.1.2.jar;C:\Users\lieberb1400\Desktop\GreenFootv2\lib\commons-codec-1.3.jar;C:\Users\lieberb1400\Desktop\GreenFootv2\lib\jl1.0.1.jar;C:\Users\lieberb1400\Desktop\GreenFootv2\lib\opencsv-2.3.jar;C:\Users\lieberb1400\Desktop\GreenFootv2\lib\xom-1.2.9.jar;C:\Users\lieberb1400\Desktop\GreenFootv2\lib\lang-stride.jar;C:\Users\lieberb1400\Desktop\GreenFootv2\lib\guava-17.0.jar;C:\Users\lieberb1400\Desktop\GreenFootv2\lib\javassist-3.18.0.jar;C:\Users\lieberb1400\Desktop\GreenFootv2\lib\commons-vfs2-2.0.jar;C:\Users\lieberb1400\Desktop\GreenFootv2\lib\httpclient-4.1.1.jar;C:\Users\lieberb1400\Desktop\GreenFootv2\lib\httpcore-4.1.jar;C:\Users\lieberb1400\Desktop\GreenFootv2\lib\httpmime-4.1.1.jar;C:\Users\lieberb1400\Documents\GitHub\Smart-Mirror\SmartMirror\json-simple-1.1.1.jar;C:\Users\lieberb1400\Documents\GitHub\GooseHunt\ProjectV1\+libs\LinuxJoystick.jar;C:\Users\lieberb1400\Documents\GitHub\GooseHunt\ProjectV1\+libs\jxinput.jar
Launcher Type: SUN_STANDARD

Environment Variables:
PATH=C:\ProgramData\Oracle\Java\javapath;C:\Windows\system32;C:\Windows;C:\Windows\System32\Wbem;C:\Windows\System32\WindowsPowerShell\v1.0\;C:\Windows\System32\WindowsPowerShell\v1.0\;C:\Program Files (x86)\QuickTime\QTSystem\;C:\Program Files\Common Files\Autodesk Shared\;C:\Program Files (x86)\Autodesk\Backburner\;C:\Program Files (x86)\GtkSharp\2.12\bin;C:\Users\lieberb1400\AppData\Local\GitHubDesktop\bin;C:\Users\lieberb1400\AppData\Local\atom\bin
USERNAME=lieberb1400
OS=Windows_NT
PROCESSOR_IDENTIFIER=Intel64 Family 6 Model 60 Stepping 3, GenuineIntel



---------------  S Y S T E M  ---------------

OS: Windows 7 , 64 bit Build 7601 (6.1.7601.18869)

CPU:total 4 (4 cores per cpu, 1 threads per core) family 6 model 60 stepping 3, cmov, cx8, fxsr, mmx, sse, sse2, sse3, ssse3, sse4.1, sse4.2, popcnt, avx, avx2, aes, clmul, erms, lzcnt, tsc, tscinvbit, bmi1, bmi2

Memory: 4k page, physical 8286352k(4821792k free), swap 16570868k(13365376k free)

vm_info: Java HotSpot(TM) Client VM (25.111-b14) for windows-x86 JRE (1.8.0_111-b14), built on Sep 22 2016 18:54:33 by "java_re" with MS VC++ 10.0 (VS2010)

time: Mon Jan 22 08:44:31 2018
elapsed time: 14 seconds (0d 0h 0m 14s)

